<?xml version="1.0" encoding="UTF-8"?>
<!-- Generated by org.testng.reporters.JUnitXMLReporter -->
<testsuite ignored="2" hostname="DESKTOP-G4QHCGN" failures="0" tests="5" name="Default test" time="5.821" errors="0" timestamp="2025-04-18T17:43:33 EET">
  <testcase classname="myTest" name="login" time="0.423"/>
  <testcase classname="myTest" name="AddAllItems" time="0.543"/>
  <testcase classname="myTest" name="RemoveAllItems" time="2.879"/>
  <testcase classname="myTest" name="Task" time="0.131"/>
  <testcase classname="myTest" name="Task1" time="0.104"/>
  <testcase classname="myTest" name="removeItemFromTheCart" time="0.0">
    <ignored/>
  </testcase> <!-- removeItemFromTheCart -->
  <testcase classname="myTest" name="Logout" time="0.0">
    <ignored/>
  </testcase> <!-- Logout -->
</testsuite> <!-- Default test -->
