<?xml version="1.0" encoding="UTF-8"?>
<!-- Generated by org.testng.reporters.JUnitXMLReporter -->
<testsuite ignored="1" hostname="DESKTOP-G4QHCGN" failures="0" tests="7" name="Default test" time="5.36" errors="0" timestamp="2025-05-02T20:53:51 EET">
  <testcase classname="myTest" name="login" time="0.471"/>
  <testcase classname="myTest" name="AddAllItems" time="0.567"/>
  <testcase classname="myTest" name="RemoveAllItems" time="2.45"/>
  <testcase classname="myTest" name="Task" time="0.13"/>
  <testcase classname="myTest" name="Task1" time="0.115"/>
  <testcase classname="myTest" name="Task2" time="0.15"/>
  <testcase classname="myTest" name="Task3" time="0.148"/>
  <testcase classname="myTest" name="Logout" time="0.0">
    <ignored/>
  </testcase> <!-- Logout -->
</testsuite> <!-- Default test -->
