<?xml version="1.0" encoding="UTF-8"?>
<testng-results ignored="2" total="7" passed="5" failed="0" skipped="0">
  <reporter-output>
  </reporter-output>
  <suite started-at="2025-04-18T17:43:27 EET" name="Default suite" finished-at="2025-04-18T17:43:33 EET" duration-ms="5821">
    <groups>
    </groups>
    <test started-at="2025-04-18T17:43:27 EET" name="Default test" finished-at="2025-04-18T17:43:33 EET" duration-ms="5821">
      <class name="myTest">
        <test-method is-config="true" signature="mySetup()[pri:0, instance:myTest@25a6944c]" started-at="2025-04-18T17:43:27 EET" name="mySetup" finished-at="2025-04-18T17:43:29 EET" duration-ms="1610" status="PASS">
          <reporter-output>
          </reporter-output>
        </test-method> <!-- mySetup -->
        <test-method signature="login()[pri:1, instance:myTest@25a6944c]" started-at="2025-04-18T17:43:29 EET" name="login" finished-at="2025-04-18T17:43:29 EET" duration-ms="423" status="PASS">
          <reporter-output>
          </reporter-output>
        </test-method> <!-- login -->
        <test-method signature="AddAllItems()[pri:2, instance:myTest@25a6944c]" started-at="2025-04-18T17:43:29 EET" name="AddAllItems" finished-at="2025-04-18T17:43:30 EET" duration-ms="543" status="PASS">
          <reporter-output>
          </reporter-output>
        </test-method> <!-- AddAllItems -->
        <test-method signature="RemoveAllItems()[pri:3, instance:myTest@25a6944c]" started-at="2025-04-18T17:43:30 EET" name="RemoveAllItems" finished-at="2025-04-18T17:43:33 EET" duration-ms="2879" status="PASS">
          <reporter-output>
          </reporter-output>
        </test-method> <!-- RemoveAllItems -->
        <test-method signature="Task()[pri:4, instance:myTest@25a6944c]" started-at="2025-04-18T17:43:33 EET" name="Task" finished-at="2025-04-18T17:43:33 EET" duration-ms="131" status="PASS">
          <reporter-output>
          </reporter-output>
        </test-method> <!-- Task -->
        <test-method signature="Task1()[pri:5, instance:myTest@25a6944c]" started-at="2025-04-18T17:43:33 EET" name="Task1" finished-at="2025-04-18T17:43:33 EET" duration-ms="104" status="PASS">
          <reporter-output>
          </reporter-output>
        </test-method> <!-- Task1 -->
        <test-method is-config="true" signature="myAfterTest()[pri:0, instance:myTest@25a6944c]" started-at="2025-04-18T17:43:33 EET" name="myAfterTest" finished-at="2025-04-18T17:43:33 EET" duration-ms="0" status="PASS">
          <reporter-output>
          </reporter-output>
        </test-method> <!-- myAfterTest -->
      </class> <!-- myTest -->
    </test> <!-- Default test -->
  </suite> <!-- Default suite -->
</testng-results>
