<?xml version="1.0" encoding="UTF-8"?>
<testng-results ignored="1" total="8" passed="7" failed="0" skipped="0">
  <reporter-output>
  </reporter-output>
  <suite started-at="2025-05-02T20:53:46 EET" name="Default suite" finished-at="2025-05-02T20:53:51 EET" duration-ms="5360">
    <groups>
    </groups>
    <test started-at="2025-05-02T20:53:46 EET" name="Default test" finished-at="2025-05-02T20:53:51 EET" duration-ms="5360">
      <class name="myTest">
        <test-method is-config="true" signature="mySetup()[pri:0, instance:myTest@3724af13]" started-at="2025-05-02T20:53:46 EET" name="mySetup" finished-at="2025-05-02T20:53:47 EET" duration-ms="1232" status="PASS">
          <reporter-output>
          </reporter-output>
        </test-method> <!-- mySetup -->
        <test-method signature="login()[pri:1, instance:myTest@3724af13]" started-at="2025-05-02T20:53:47 EET" name="login" finished-at="2025-05-02T20:53:48 EET" duration-ms="471" status="PASS">
          <reporter-output>
          </reporter-output>
        </test-method> <!-- login -->
        <test-method signature="AddAllItems()[pri:2, instance:myTest@3724af13]" started-at="2025-05-02T20:53:48 EET" name="AddAllItems" finished-at="2025-05-02T20:53:48 EET" duration-ms="567" status="PASS">
          <reporter-output>
          </reporter-output>
        </test-method> <!-- AddAllItems -->
        <test-method signature="RemoveAllItems()[pri:3, instance:myTest@3724af13]" started-at="2025-05-02T20:53:48 EET" name="RemoveAllItems" finished-at="2025-05-02T20:53:51 EET" duration-ms="2450" status="PASS">
          <reporter-output>
          </reporter-output>
        </test-method> <!-- RemoveAllItems -->
        <test-method signature="Task()[pri:4, instance:myTest@3724af13]" started-at="2025-05-02T20:53:51 EET" name="Task" finished-at="2025-05-02T20:53:51 EET" duration-ms="130" status="PASS">
          <reporter-output>
          </reporter-output>
        </test-method> <!-- Task -->
        <test-method signature="Task1()[pri:5, instance:myTest@3724af13]" started-at="2025-05-02T20:53:51 EET" name="Task1" finished-at="2025-05-02T20:53:51 EET" duration-ms="115" status="PASS">
          <reporter-output>
          </reporter-output>
        </test-method> <!-- Task1 -->
        <test-method signature="Task2()[pri:6, instance:myTest@3724af13]" started-at="2025-05-02T20:53:51 EET" name="Task2" finished-at="2025-05-02T20:53:51 EET" duration-ms="150" status="PASS">
          <reporter-output>
          </reporter-output>
        </test-method> <!-- Task2 -->
        <test-method signature="Task3()[pri:7, instance:myTest@3724af13]" started-at="2025-05-02T20:53:51 EET" name="Task3" finished-at="2025-05-02T20:53:51 EET" duration-ms="148" status="PASS">
          <reporter-output>
          </reporter-output>
        </test-method> <!-- Task3 -->
        <test-method is-config="true" signature="myAfterTest()[pri:0, instance:myTest@3724af13]" started-at="2025-05-02T20:53:51 EET" name="myAfterTest" finished-at="2025-05-02T20:53:51 EET" duration-ms="1" status="PASS">
          <reporter-output>
          </reporter-output>
        </test-method> <!-- myAfterTest -->
      </class> <!-- myTest -->
    </test> <!-- Default test -->
  </suite> <!-- Default suite -->
</testng-results>
